<?xml version="1.0" encoding="UTF-8"?>
<!-- Generated by org.testng.reporters.JUnitXMLReporter -->
<testsuite hostname="APL-5CD0177CM3" ignored="2" name="DemoOpenCart Login" tests="1" failures="0" timestamp="12 May 2023 06:30:42 GMT" time="0.001" errors="0">
  <testcase name="DemoOpenEmployeeLogin" time="0.0" classname="TestCasesWithinGroups.DemoOpenCartLogin"/>
  <testcase name="DemoOpenLogin" time="0.0" classname="TestCasesWithinGroups.DemoOpenCartLogin">
    <ignored/>
  </testcase> <!-- DemoOpenLogin -->
  <testcase name="DemoOpenAdminLogin" time="0.0" classname="TestCasesWithinGroups.DemoOpenCartLogin">
    <ignored/>
  </testcase> <!-- DemoOpenAdminLogin -->
</testsuite> <!-- DemoOpenCart Login -->
