<?xml version="1.0" encoding="UTF-8"?>
<!-- Generated by org.testng.reporters.JUnitXMLReporter -->
<testsuite hostname="APL-5CD0177CM3" ignored="2" name="EasyCalc Login" tests="1" failures="0" timestamp="12 May 2023 06:30:42 GMT" time="0.0" errors="0">
  <testcase name="EasyCalcAdminLogin" time="0.0" classname="TestCasesWithinGroups.EasyCalcLogin"/>
  <testcase name="EasyCalcEmployeeLogin" time="0.0" classname="TestCasesWithinGroups.EasyCalcLogin">
    <ignored/>
  </testcase> <!-- EasyCalcEmployeeLogin -->
  <testcase name="EasyCalcLogin" time="0.0" classname="TestCasesWithinGroups.EasyCalcLogin">
    <ignored/>
  </testcase> <!-- EasyCalcLogin -->
</testsuite> <!-- EasyCalc Login -->
