<?xml version="1.0" encoding="UTF-8"?>
<!-- Generated by org.testng.reporters.JUnitXMLReporter -->
<testsuite hostname="APL-5CD0177CM3" ignored="0" name="EdgeBrowser" tests="1" failures="1" timestamp="2023-05-23T15:10:21 IST" time="0.047" errors="0">
  <testcase name="browser" time="0.02" classname="DataProvider_Holland.DataProvider_HollandBarrett">
    <failure type="org.testng.internal.reflect.MethodMatcherException" message="
[public void DataProvider_Holland.DataProvider_HollandBarrett.browser(java.lang.String,java.lang.String,java.lang.String) throws java.lang.Exception] has no parameters defined but was found to be using a data provider (either explicitly specified or inherited from class level annotation).
Data provider mismatch
Method: browser([Parameter{index=0, type=java.lang.String, declaredAnnotations=[]}, Parameter{index=1, type=java.lang.String, declaredAnnotations=[]}, Parameter{index=2, type=java.lang.String, declaredAnnotations=[]}])
Arguments: [(java.lang.String) 1234567891,(java.lang.String) kabii]">
      <![CDATA[org.testng.internal.reflect.MethodMatcherException: 
[public void DataProvider_Holland.DataProvider_HollandBarrett.browser(java.lang.String,java.lang.String,java.lang.String) throws java.lang.Exception] has no parameters defined but was found to be using a data provider (either explicitly specified or inherited from class level annotation).
Data provider mismatch
Method: browser([Parameter{index=0, type=java.lang.String, declaredAnnotations=[]}, Parameter{index=1, type=java.lang.String, declaredAnnotations=[]}, Parameter{index=2, type=java.lang.String, declaredAnnotations=[]}])
Arguments: [(java.lang.String) 1234567891,(java.lang.String) kabii]
at java.util.ArrayList.forEach(ArrayList.java:1257)
at java.util.concurrent.FutureTask.run(FutureTask.java:266)
at java.util.concurrent.ThreadPoolExecutor.runWorker(ThreadPoolExecutor.java:1149)
at java.util.concurrent.ThreadPoolExecutor$Worker.run(ThreadPoolExecutor.java:624)
at java.lang.Thread.run(Thread.java:748)
... Removed 13 stack frames]]>
    </failure>
  </testcase> <!-- browser -->
</testsuite> <!-- EdgeBrowser -->
