<?xml version="1.0" encoding="UTF-8"?>
<!-- Generated by org.testng.reporters.JUnitXMLReporter -->
<testsuite hostname="APL-5CD0177CM3" ignored="2" name="OrangeHRMCart Login" tests="1" failures="0" timestamp="12 May 2023 06:30:42 GMT" time="0.029" errors="0">
  <testcase name="OrangeHRMLogin" time="0.007" classname="TestCasesWithinGroups.OrangeHRMCartLogin"/>
  <testcase name="OrangeHRMEmployeeLogin" time="0.0" classname="TestCasesWithinGroups.OrangeHRMCartLogin">
    <ignored/>
  </testcase> <!-- OrangeHRMEmployeeLogin -->
  <testcase name="OrangeAdminHRMLogin" time="0.0" classname="TestCasesWithinGroups.OrangeHRMCartLogin">
    <ignored/>
  </testcase> <!-- OrangeAdminHRMLogin -->
</testsuite> <!-- OrangeHRMCart Login -->
