<?xml version="1.0" encoding="UTF-8"?>
<!-- Generated by org.testng.reporters.JUnitXMLReporter -->
<testsuite hostname="L-158047823" ignored="3" name="GroupExample" tests="2" failures="0" timestamp="11 May 2023 12:12:36 GMT" time="0.024" errors="0">
  <testcase name="Android" time="0.004" classname="jenkinsGroup.jenkinsTestngGroups"/>
  <testcase name="Android2" time="0.001" classname="jenkinsGroup.jenkinsTestngGroups"/>
  <testcase name="Apple1" time="0.0" classname="jenkinsGroup.jenkinsTestngGroups">
    <ignored/>
  </testcase> <!-- Apple1 -->
  <testcase name="Apple2" time="0.0" classname="jenkinsGroup.jenkinsTestngGroups">
    <ignored/>
  </testcase> <!-- Apple2 -->
  <testcase name="Android1" time="0.0" classname="jenkinsGroup.jenkinsTestngGroups">
    <ignored/>
  </testcase> <!-- Android1 -->
</testsuite> <!-- GroupExample -->
