<?xml version="1.0" encoding="UTF-8"?>
<testng-results skipped="0" failed="0" ignored="0" total="1" passed="1">
  <reporter-output>
  </reporter-output>
  <suite name="Default suite" duration-ms="7425" started-at="2023-05-22T10:07:23 IST" finished-at="2023-05-22T10:07:30 IST">
    <groups>
    </groups>
    <test name="Default test" duration-ms="7425" started-at="2023-05-22T10:07:23 IST" finished-at="2023-05-22T10:07:30 IST">
      <class name="Assignment_Programming_CheckBoxes.Assignment_Prog_Checkboxes">
        <test-method status="PASS" signature="testCheckBoxBtn()[pri:0, instance:Assignment_Programming_CheckBoxes.Assignment_Prog_Checkboxes@7c29daf3]" name="testCheckBoxBtn" duration-ms="7362" started-at="2023-05-22T10:07:23 IST" finished-at="2023-05-22T10:07:30 IST">
          <reporter-output>
          </reporter-output>
        </test-method> <!-- testCheckBoxBtn -->
      </class> <!-- Assignment_Programming_CheckBoxes.Assignment_Prog_Checkboxes -->
    </test> <!-- Default test -->
  </suite> <!-- Default suite -->
</testng-results>
